Determining if the pthread_create exist failed with the following output:
Change Dir: /home/rus/bitcraze/crazyflie-lib-python/scripts/crazyflie_lighthouse/ros_ws/build/CMakeFiles/CMakeTmp

Run Build Command:"/usr/bin/make" "cmTC_bfd43/fast"
/usr/bin/make -f CMakeFiles/cmTC_bfd43.dir/build.make CMakeFiles/cmTC_bfd43.dir/build
make[1]: Entering directory '/home/rus/bitcraze/crazyflie-lib-python/scripts/crazyflie_lighthouse/ros_ws/build/CMakeFiles/CMakeTmp'
Building C object CMakeFiles/cmTC_bfd43.dir/CheckSymbolExists.c.o
/usr/bin/cc    -o CMakeFiles/cmTC_bfd43.dir/CheckSymbolExists.c.o   -c /home/rus/bitcraze/crazyflie-lib-python/scripts/crazyflie_lighthouse/ros_ws/build/CMakeFiles/CMakeTmp/CheckSymbolExists.c
Linking C executable cmTC_bfd43
/usr/local/lib/python2.7/dist-packages/cmake/data/bin/cmake -E cmake_link_script CMakeFiles/cmTC_bfd43.dir/link.txt --verbose=1
/usr/bin/cc      -rdynamic CMakeFiles/cmTC_bfd43.dir/CheckSymbolExists.c.o  -o cmTC_bfd43 
CMakeFiles/cmTC_bfd43.dir/CheckSymbolExists.c.o: In function `main':
CheckSymbolExists.c:(.text+0x16): undefined reference to `pthread_create'
collect2: error: ld returned 1 exit status
CMakeFiles/cmTC_bfd43.dir/build.make:86: recipe for target 'cmTC_bfd43' failed
make[1]: *** [cmTC_bfd43] Error 1
make[1]: Leaving directory '/home/rus/bitcraze/crazyflie-lib-python/scripts/crazyflie_lighthouse/ros_ws/build/CMakeFiles/CMakeTmp'
Makefile:121: recipe for target 'cmTC_bfd43/fast' failed
make: *** [cmTC_bfd43/fast] Error 2

File /home/rus/bitcraze/crazyflie-lib-python/scripts/crazyflie_lighthouse/ros_ws/build/CMakeFiles/CMakeTmp/CheckSymbolExists.c:
/* */
#include <pthread.h>

int main(int argc, char** argv)
{
  (void)argv;
#ifndef pthread_create
  return ((int*)(&pthread_create))[argc];
#else
  (void)argc;
  return 0;
#endif
}

Determining if the function pthread_create exists in the pthreads failed with the following output:
Change Dir: /home/rus/bitcraze/crazyflie-lib-python/scripts/crazyflie_lighthouse/ros_ws/build/CMakeFiles/CMakeTmp

Run Build Command:"/usr/bin/make" "cmTC_fd97e/fast"
/usr/bin/make -f CMakeFiles/cmTC_fd97e.dir/build.make CMakeFiles/cmTC_fd97e.dir/build
make[1]: Entering directory '/home/rus/bitcraze/crazyflie-lib-python/scripts/crazyflie_lighthouse/ros_ws/build/CMakeFiles/CMakeTmp'
Building C object CMakeFiles/cmTC_fd97e.dir/CheckFunctionExists.c.o
/usr/bin/cc   -DCHECK_FUNCTION_EXISTS=pthread_create   -o CMakeFiles/cmTC_fd97e.dir/CheckFunctionExists.c.o   -c /usr/local/lib/python2.7/dist-packages/cmake/data/share/cmake-3.13/Modules/CheckFunctionExists.c
Linking C executable cmTC_fd97e
/usr/local/lib/python2.7/dist-packages/cmake/data/bin/cmake -E cmake_link_script CMakeFiles/cmTC_fd97e.dir/link.txt --verbose=1
/usr/bin/cc  -DCHECK_FUNCTION_EXISTS=pthread_create    -rdynamic CMakeFiles/cmTC_fd97e.dir/CheckFunctionExists.c.o  -o cmTC_fd97e -lpthreads 
/usr/bin/ld: cannot find -lpthreads
collect2: error: ld returned 1 exit status
CMakeFiles/cmTC_fd97e.dir/build.make:86: recipe for target 'cmTC_fd97e' failed
make[1]: *** [cmTC_fd97e] Error 1
make[1]: Leaving directory '/home/rus/bitcraze/crazyflie-lib-python/scripts/crazyflie_lighthouse/ros_ws/build/CMakeFiles/CMakeTmp'
Makefile:121: recipe for target 'cmTC_fd97e/fast' failed
make: *** [cmTC_fd97e/fast] Error 2


